<?xml version="1.0" encoding="UTF-8" ?>
<testsuite errors="0" failures="1" hostname="thomas-K55VD" name="org.netbeans.modules.compapp.catd.ConfiguredTest" tests="1" time="0.355" timestamp="2013-11-30T16:50:43">
  <properties>
[...]
</properties>
  <testcase classname="org.netbeans.modules.compapp.catd.ConfiguredTest" name="TestCase3" time="0.262">
    <failure message=" Passed. Threads count Success: &lt;0&gt; Error: &lt;1&gt; Not completed: &lt;0&gt;
Details: 
&lt;Concurrent test thread 0&gt; is Errored. Success rate 0/1 
" type="junit.framework.AssertionFailedError">junit.framework.AssertionFailedError:  Passed. Threads count Success: &lt;0&gt; Error: &lt;1&gt; Not completed: &lt;0&gt;
Details: 
&lt;Concurrent test thread 0&gt; is Errored. Success rate 0/1 

	at org.netbeans.modules.compapp.catd.ConfiguredTest.testConcurrentSOAPRequest(ConfiguredTest.java:884)
</failure>
  </testcase>
  <system-out><![CDATA[GenerateATSOutput=${generate.ats.output}
NetBeansUserDir=/root/GlassFishESBv22/.netbeans/glassfishesb
file.encoding=UTF-8
file.encoding.pkg=sun.io
file.separator=/
inDebug=${inDebug}
java.awt.graphicsenv=sun.awt.X11GraphicsEnvironment
java.awt.printerjob=sun.print.PSPrinterJob
java.class.path=/root/GlassFishESBv22/netbeans/soa2/modules/org-netbeans-modules-compapp-manager-jbi.jar:/root/GlassFishESBv22/netbeans/soa2/modules/org-netbeans-modules-compapp-projects-jbi.jar:/root/GlassFishESBv22/netbeans/soa2/modules/ext/jbi/jbi-admin-common.jar:/root/GlassFishESBv22/netbeans/soa2/modules/ext/jbi/catd.jar:/root/GlassFishESBv22/netbeans/java2/modules/ext/junit-3.8.2.jar:/root/GlassFishESBv22/netbeans/java2/modules/ext/jaxws21/api/saaj-api.jar:/root/GlassFishESBv22/netbeans/java2/modules/ext/jaxws21/saaj-impl.jar:/root/GlassFishESBv22/netbeans/java2/modules/ext/jaxws21/FastInfoset.jar:/root/GlassFishESBv22/netbeans/ide11/modules/org-netbeans-modules-editor-lib.jar:/root/GlassFishESBv22/netbeans/ide11/modules/org-netbeans-modules-editor.jar:/root/GlassFishESBv22/netbeans/ide11/modules/org-netbeans-modules-editor-util.jar:/root/GlassFishESBv22/netbeans/ide11/modules/org-netbeans-modules-editor-lib2.jar:/root/GlassFishESBv22/netbeans/ide11/modules/org-netbeans-modules-editor-indent.jar:/root/GlassFishESBv22/netbeans/ide11/modules/org-netbeans-modules-editor-plain.jar:/root/GlassFishESBv22/netbeans/ide11/modules/org-netbeans-modules-editor-plain-lib.jar:/root/GlassFishESBv22/netbeans/ide11/modules/org-netbeans-modules-editor-settings.jar:/root/GlassFishESBv22/netbeans/ide11/modules/org-netbeans-modules-editor-settings-storage.jar:/root/GlassFishESBv22/netbeans/ide11/modules/org-netbeans-modules-lexer.jar:/root/GlassFishESBv22/netbeans/ide11/modules/org-netbeans-modules-xml-core.jar:/root/GlassFishESBv22/netbeans/ide11/modules/org-netbeans-modules-xml-lexer.jar:/root/GlassFishESBv22/netbeans/ide11/modules/org-netbeans-modules-xml-text.jar:/root/GlassFishESBv22/netbeans/ide11/modules/org-netbeans-modules-xml-xdm.jar:/root/GlassFishESBv22/netbeans/ide11/modules/org-netbeans-modules-xml-xam.jar:/root/GlassFishESBv22/netbeans/ide11/modules/org-netbeans-modules-csl-api.jar:/root/GlassFishESBv22/netbeans/ide11/modules/ext/jaxb/activation.jar:/root/GlassFishESBv22/netbeans/platform10/lib/org-openide-modules.jar:/root/GlassFishESBv22/netbeans/platform10/lib/org-openide-util.jar:/root/GlassFishESBv22/netbeans/platform10/modules/org-openide-options.jar:/root/GlassFishESBv22/netbeans/platform10/modules/org-openide-text.jar:/root/GlassFishESBv22/netbeans/platform10/modules/org-openide-loaders.jar:/root/GlassFishESBv22/netbeans/platform10/modules/org-openide-nodes.jar:/root/GlassFishESBv22/netbeans/platform10/modules/org-netbeans-modules-editor-mimelookup.jar:/root/GlassFishESBv22/netbeans/platform10/modules/org-netbeans-modules-editor-mimelookup-impl.jar:/root/GlassFishESBv22/netbeans/platform10/core/org-openide-filesystems.jar:/root/GlassFishESBv22/netbeans/java2/ant/lib/ant-launcher.jar:/root/GlassFishESBv22/netbeans/java2/ant/lib/ant.jar:/root/GlassFishESBv22/netbeans/java2/ant/patches/72080.jar
java.class.version=50.0
java.endorsed.dirs=/opt/jdk1.6.0_45/jre/lib/endorsed
java.ext.dirs=/opt/jdk1.6.0_45/jre/lib/ext:/usr/java/packages/lib/ext
java.home=/opt/jdk1.6.0_45/jre
java.io.tmpdir=/tmp
java.library.path=/opt/jdk1.6.0_45/jre/lib/i386/server:/opt/jdk1.6.0_45/jre/lib/i386:/opt/jdk1.6.0_45/jre/../lib/i386:/opt/jdk1.6.0_45/jre/lib/i386/client:/opt/jdk1.6.0_45/jre/lib/i386:/opt/jdk1.6.0_45/jre/../lib/i386:/usr/java/packages/lib/i386:/lib:/usr/lib
java.runtime.name=Java(TM) SE Runtime Environment
java.runtime.version=1.6.0_45-b06
java.specification.name=Java Platform API Specification
java.specification.vendor=Sun Microsystems Inc.
java.specification.version=1.6
java.vendor=Sun Microsystems Inc.
java.vendor.url=http://java.sun.com/
java.vendor.url.bug=http://java.sun.com/cgi-bin/bugreport.cgi
java.version=1.6.0_45
java.vm.info=mixed mode
java.vm.name=Java HotSpot(TM) Server VM
java.vm.specification.name=Java Virtual Machine Specification
java.vm.specification.vendor=Sun Microsystems Inc.
java.vm.specification.version=1.0
java.vm.vendor=Sun Microsystems Inc.
java.vm.version=20.45-b01
line.separator=

org.netbeans.modules.compapp.catd.context=
os.arch=i386
os.name=Linux
os.version=3.8.0-31-generic
path.separator=:
sun.arch.data.model=32
sun.boot.class.path=/opt/jdk1.6.0_45/jre/lib/resources.jar:/opt/jdk1.6.0_45/jre/lib/rt.jar:/opt/jdk1.6.0_45/jre/lib/sunrsasign.jar:/opt/jdk1.6.0_45/jre/lib/jsse.jar:/opt/jdk1.6.0_45/jre/lib/jce.jar:/opt/jdk1.6.0_45/jre/lib/charsets.jar:/opt/jdk1.6.0_45/jre/lib/modules/jdk.boot.jar:/opt/jdk1.6.0_45/jre/classes
sun.boot.library.path=/opt/jdk1.6.0_45/jre/lib/i386
sun.cpu.endian=little
sun.cpu.isalist=
sun.io.unicode.encoding=UnicodeLittle
sun.java.command=org.apache.tools.ant.taskdefs.optional.junit.JUnitTestRunner org.netbeans.modules.compapp.catd.ConfiguredTest filtertrace=true haltOnError=false haltOnFailure=false showoutput=true outputtoformatters=true logtestlistenerevents=true formatter=org.apache.tools.ant.taskdefs.optional.junit.BriefJUnitResultFormatter formatter=org.apache.tools.ant.taskdefs.optional.junit.XMLJUnitResultFormatter,/home/thomas/development/PDL_SOA/PrestashopWebApp/NewCustomerCompositeApp/test/results/TEST-org.netbeans.modules.compapp.catd.ConfiguredTest.xml crashfile=/tmp/junitvmwatcher3970240565321837607.properties propsfile=/tmp/junit282342462862693455.properties
sun.java.launcher=SUN_STANDARD
sun.jnu.encoding=UTF-8
sun.management.compiler=HotSpot Tiered Compilers
sun.os.patch.level=unknown
user.country=FR
user.dir=/home/thomas/development/PDL_SOA/PrestashopWebApp/NewCustomerCompositeApp
user.home=/root
user.language=fr
user.name=root
user.timezone=Europe/Paris
Test TestCase3\Concurrent.properties Failed. (Destination: http://localhost:${HttpDefaultPort}/StartRetrieveWSDLService/StartRetrieveWSDLPort)
]]></system-out>
  <system-err><![CDATA[30 nov. 2013 17:50:43 com.sun.xml.messaging.saaj.client.p2p.HttpSOAPConnection post
GRAVE: SAAJ0008: Bad Response; Not Found
com.sun.xml.messaging.saaj.SOAPExceptionImpl: java.security.PrivilegedActionException: com.sun.xml.messaging.saaj.SOAPExceptionImpl: Bad response: (404Not Found
	at com.sun.xml.messaging.saaj.client.p2p.HttpSOAPConnection.call(HttpSOAPConnection.java:191)
	at org.netbeans.modules.compapp.catd.util.Util.sendMessage(Util.java:343)
	at org.netbeans.modules.compapp.catd.ConfiguredTest$ConcurrentTestSendOnlyRunnable.run(ConfiguredTest.java:2064)
	at java.lang.Thread.run(Thread.java:662)
Caused by: java.security.PrivilegedActionException: com.sun.xml.messaging.saaj.SOAPExceptionImpl: Bad response: (404Not Found
	at java.security.AccessController.doPrivileged(Native Method)
	at com.sun.xml.messaging.saaj.client.p2p.HttpSOAPConnection.call(HttpSOAPConnection.java:185)
	... 3 more
Caused by: com.sun.xml.messaging.saaj.SOAPExceptionImpl: Bad response: (404Not Found
	at com.sun.xml.messaging.saaj.client.p2p.HttpSOAPConnection.post(HttpSOAPConnection.java:368)
	at com.sun.xml.messaging.saaj.client.p2p.HttpSOAPConnection$PriviledgedPost.run(HttpSOAPConnection.java:214)
	... 5 more

CAUSE:

java.security.PrivilegedActionException: com.sun.xml.messaging.saaj.SOAPExceptionImpl: Bad response: (404Not Found
	at java.security.AccessController.doPrivileged(Native Method)
	at com.sun.xml.messaging.saaj.client.p2p.HttpSOAPConnection.call(HttpSOAPConnection.java:185)
	at org.netbeans.modules.compapp.catd.util.Util.sendMessage(Util.java:343)
	at org.netbeans.modules.compapp.catd.ConfiguredTest$ConcurrentTestSendOnlyRunnable.run(ConfiguredTest.java:2064)
	at java.lang.Thread.run(Thread.java:662)
Caused by: com.sun.xml.messaging.saaj.SOAPExceptionImpl: Bad response: (404Not Found
	at com.sun.xml.messaging.saaj.client.p2p.HttpSOAPConnection.post(HttpSOAPConnection.java:368)
	at com.sun.xml.messaging.saaj.client.p2p.HttpSOAPConnection$PriviledgedPost.run(HttpSOAPConnection.java:214)
	... 5 more

CAUSE:

java.security.PrivilegedActionException: com.sun.xml.messaging.saaj.SOAPExceptionImpl: Bad response: (404Not Found
	at java.security.AccessController.doPrivileged(Native Method)
	at com.sun.xml.messaging.saaj.client.p2p.HttpSOAPConnection.call(HttpSOAPConnection.java:185)
	at org.netbeans.modules.compapp.catd.util.Util.sendMessage(Util.java:343)
	at org.netbeans.modules.compapp.catd.ConfiguredTest$ConcurrentTestSendOnlyRunnable.run(ConfiguredTest.java:2064)
	at java.lang.Thread.run(Thread.java:662)
Caused by: com.sun.xml.messaging.saaj.SOAPExceptionImpl: Bad response: (404Not Found
	at com.sun.xml.messaging.saaj.client.p2p.HttpSOAPConnection.post(HttpSOAPConnection.java:368)
	at com.sun.xml.messaging.saaj.client.p2p.HttpSOAPConnection$PriviledgedPost.run(HttpSOAPConnection.java:214)
	... 5 more
]]></system-err>
</testsuite>
